Determining if the pthread_create exist failed with the following output:
Change Dir: /home/a/W/W.priv/Examples/GoogleTests_Examples/cmake-build/CMakeFiles/CMakeTmp

Run Build Command:"/usr/bin/make" "cmTC_2ac9f/fast"
make[1]: Entering directory '/mnt/c/My/W/W.priv/Examples/GoogleTests_Examples/cmake-build/CMakeFiles/CMakeTmp'
/usr/bin/make -f CMakeFiles/cmTC_2ac9f.dir/build.make CMakeFiles/cmTC_2ac9f.dir/build
make[2]: Entering directory '/mnt/c/My/W/W.priv/Examples/GoogleTests_Examples/cmake-build/CMakeFiles/CMakeTmp'
Building C object CMakeFiles/cmTC_2ac9f.dir/CheckSymbolExists.c.o
/usr/bin/cc    -o CMakeFiles/cmTC_2ac9f.dir/CheckSymbolExists.c.o   -c /home/a/W/W.priv/Examples/GoogleTests_Examples/cmake-build/CMakeFiles/CMakeTmp/CheckSymbolExists.c
Linking C executable cmTC_2ac9f
/home/a/W/W.priv/Shared/cmake-3.13.4-Linux-x86_64/bin/cmake -E cmake_link_script CMakeFiles/cmTC_2ac9f.dir/link.txt --verbose=1
/usr/bin/cc      -rdynamic CMakeFiles/cmTC_2ac9f.dir/CheckSymbolExists.c.o  -o cmTC_2ac9f 
CMakeFiles/cmTC_2ac9f.dir/CheckSymbolExists.c.o: In function `main':
CheckSymbolExists.c:(.text+0x16): undefined reference to `pthread_create'
collect2: error: ld returned 1 exit status
CMakeFiles/cmTC_2ac9f.dir/build.make:86: recipe for target 'cmTC_2ac9f' failed
make[2]: *** [cmTC_2ac9f] Error 1
make[2]: Leaving directory '/mnt/c/My/W/W.priv/Examples/GoogleTests_Examples/cmake-build/CMakeFiles/CMakeTmp'
Makefile:121: recipe for target 'cmTC_2ac9f/fast' failed
make[1]: *** [cmTC_2ac9f/fast] Error 2
make[1]: Leaving directory '/mnt/c/My/W/W.priv/Examples/GoogleTests_Examples/cmake-build/CMakeFiles/CMakeTmp'

File /home/a/W/W.priv/Examples/GoogleTests_Examples/cmake-build/CMakeFiles/CMakeTmp/CheckSymbolExists.c:
/* */
#include <pthread.h>

int main(int argc, char** argv)
{
  (void)argv;
#ifndef pthread_create
  return ((int*)(&pthread_create))[argc];
#else
  (void)argc;
  return 0;
#endif
}

Determining if the function pthread_create exists in the pthreads failed with the following output:
Change Dir: /home/a/W/W.priv/Examples/GoogleTests_Examples/cmake-build/CMakeFiles/CMakeTmp

Run Build Command:"/usr/bin/make" "cmTC_517ee/fast"
make[1]: Entering directory '/mnt/c/My/W/W.priv/Examples/GoogleTests_Examples/cmake-build/CMakeFiles/CMakeTmp'
/usr/bin/make -f CMakeFiles/cmTC_517ee.dir/build.make CMakeFiles/cmTC_517ee.dir/build
make[2]: Entering directory '/mnt/c/My/W/W.priv/Examples/GoogleTests_Examples/cmake-build/CMakeFiles/CMakeTmp'
Building C object CMakeFiles/cmTC_517ee.dir/CheckFunctionExists.c.o
/usr/bin/cc   -DCHECK_FUNCTION_EXISTS=pthread_create   -o CMakeFiles/cmTC_517ee.dir/CheckFunctionExists.c.o   -c /home/a/W/W.priv/Shared/cmake-3.13.4-Linux-x86_64/share/cmake-3.13/Modules/CheckFunctionExists.c
Linking C executable cmTC_517ee
/home/a/W/W.priv/Shared/cmake-3.13.4-Linux-x86_64/bin/cmake -E cmake_link_script CMakeFiles/cmTC_517ee.dir/link.txt --verbose=1
/usr/bin/cc  -DCHECK_FUNCTION_EXISTS=pthread_create    -rdynamic CMakeFiles/cmTC_517ee.dir/CheckFunctionExists.c.o  -o cmTC_517ee -lpthreads 
/usr/bin/ld: cannot find -lpthreads
collect2: error: ld returned 1 exit status
CMakeFiles/cmTC_517ee.dir/build.make:86: recipe for target 'cmTC_517ee' failed
make[2]: *** [cmTC_517ee] Error 1
make[2]: Leaving directory '/mnt/c/My/W/W.priv/Examples/GoogleTests_Examples/cmake-build/CMakeFiles/CMakeTmp'
Makefile:121: recipe for target 'cmTC_517ee/fast' failed
make[1]: *** [cmTC_517ee/fast] Error 2
make[1]: Leaving directory '/mnt/c/My/W/W.priv/Examples/GoogleTests_Examples/cmake-build/CMakeFiles/CMakeTmp'


